<html>
<head>
<title>TestNG:  Test</title>
<link href="../testng.css" rel="stylesheet" type="text/css" />
<link href="../my-testng.css" rel="stylesheet" type="text/css" />

<style type="text/css">
.log { display: none;} 
.stack-trace { display: none;} 
</style>
<script type="text/javascript">
<!--
function flip(e) {
  current = e.style.display;
  if (current == 'block') {
    e.style.display = 'none';
    return 0;
  }
  else {
    e.style.display = 'block';
    return 1;
  }
}

function toggleBox(szDivId, elem, msg1, msg2)
{
  var res = -1;  if (document.getElementById) {
    res = flip(document.getElementById(szDivId));
  }
  else if (document.all) {
    // this is the way old msie versions work
    res = flip(document.all[szDivId]);
  }
  if(elem) {
    if(res == 0) elem.innerHTML = msg1; else elem.innerHTML = msg2;
  }

}

function toggleAllBoxes() {
  if (document.getElementsByTagName) {
    d = document.getElementsByTagName('div');
    for (i = 0; i < d.length; i++) {
      if (d[i].className == 'log') {
        flip(d[i]);
      }
    }
  }
}

// -->
</script>

</head>
<body>
<h2 align='center'>Test</h2><table border='1' align="center">
<tr>
<td>Tests passed/Failed/Skipped:</td><td>47/2/0</td>
</tr><tr>
<td>Started on:</td><td>Thu Aug 19 17:05:03 IST 2021</td>
</tr>
<tr><td>Total time:</td><td>1321 seconds (1321070 ms)</td>
</tr><tr>
<td>Included groups:</td><td></td>
</tr><tr>
<td>Excluded groups:</td><td></td>
</tr>
</table><p/>
<small><i>(Hover the method name to see the test class name)</i></small><p/>
<table width='100%' border='1' class='invocation-failed'>
<tr><td colspan='4' align='center'><b>FAILED TESTS</b></td></tr>
<tr><td><b>Test method</b></td>
<td width="30%"><b>Exception</b></td>
<td width="10%"><b>Time (seconds)</b></td>
<td><b>Instance</b></td>
</tr>
<tr>
<td title='com.maven.automation.testcase.SalesloftTeamcadenceListTest.callDisposition()'><b>callDisposition</b><br>Test class: com.maven.automation.testcase.SalesloftTeamcadenceListTest</td>
<td><div><pre>org.openqa.selenium.ElementNotInteractableException: element not interactable
  (Session info: chrome=92.0.4515.159)
Build info: version: &apos;3.141.59&apos;, revision: &apos;e82be7d358&apos;, time: &apos;2018-11-14T08:17:03&apos;
System info: host: &apos;DESKTOP-O594KU0&apos;, ip: &apos;192.168.1.206&apos;, os.name: &apos;Windows 10&apos;, os.arch: &apos;amd64&apos;, os.version: &apos;10.0&apos;, java.version: &apos;1.8.0_301&apos;
Driver info: org.openqa.selenium.chrome.ChromeDriver
Capabilities {acceptInsecureCerts: false, browserName: chrome, browserVersion: 92.0.4515.159, chrome: {chromedriverVersion: 92.0.4515.107 (87a818b10553..., userDataDir: C:\Users\Coditas\AppData\Lo...}, goog:chromeOptions: {debuggerAddress: localhost:53474}, javascriptEnabled: true, networkConnectionEnabled: false, pageLoadStrategy: normal, platform: WINDOWS, platformName: WINDOWS, proxy: Proxy(), setWindowRect: true, strictFileInteractability: false, timeouts: {implicit: 0, pageLoad: 300000, script: 30000}, unhandledPromptBehavior: dismiss and notify, webauthn:extension:credBlob: true, webauthn:extension:largeBlob: true, webauthn:virtualAuthenticators: true}
Session ID: 4f1cb7c14f419c704380367619dd5685
	at org.openqa.selenium.remote.http.W3CHttpResponseCodec.createException(W3CHttpResponseCodec.java:187)
	at org.openqa.selenium.remote.http.W3CHttpResponseCodec.decode(W3CHttpResponseCodec.java:122)
	at org.openqa.selenium.remote.http.W3CHttpResponseCodec.decode(W3CHttpResponseCodec.java:49)
	at org.openqa.selenium.remote.HttpCommandExecutor.execute(HttpCommandExecutor.java:158)
	at org.openqa.selenium.remote.service.DriverCommandExecutor.execute(DriverCommandExecutor.java:83)
	at org.openqa.selenium.remote.RemoteWebDriver.execute(RemoteWebDriver.java:552)
	at org.openqa.selenium.remote.RemoteWebElement.execute(RemoteWebElement.java:285)
	at org.openqa.selenium.remote.RemoteWebElement.click(RemoteWebElement.java:84)
	at org.openqa.selenium.support.pagefactory.internal.LocatingElementHandler.invoke(LocatingElementHandler.java:51)
	at com.sun.proxy.$Proxy8.click(Unknown Source)
	at com.maven.automation.pageobject.DispositionPage.disposeCallSalesloftTeam(DispositionPage.java:95)
	at com.maven.automation.testcase.SalesloftTeamcadenceListTest.callDisposition(SalesloftTeamcadenceListTest.java:65)
	at java.util.ArrayList.forEach(Unknown Source)
... Removed 34 stack frames</pre></div><a href='#' onClick='toggleBox("stack-trace1651205022", this, "Click to show all stack frames", "Click to hide stack frames")'>Click to show all stack frames</a>
<div class='stack-trace' id='stack-trace1651205022'><pre>org.openqa.selenium.ElementNotInteractableException: element not interactable
  (Session info: chrome=92.0.4515.159)
Build info: version: &apos;3.141.59&apos;, revision: &apos;e82be7d358&apos;, time: &apos;2018-11-14T08:17:03&apos;
System info: host: &apos;DESKTOP-O594KU0&apos;, ip: &apos;192.168.1.206&apos;, os.name: &apos;Windows 10&apos;, os.arch: &apos;amd64&apos;, os.version: &apos;10.0&apos;, java.version: &apos;1.8.0_301&apos;
Driver info: org.openqa.selenium.chrome.ChromeDriver
Capabilities {acceptInsecureCerts: false, browserName: chrome, browserVersion: 92.0.4515.159, chrome: {chromedriverVersion: 92.0.4515.107 (87a818b10553..., userDataDir: C:\Users\Coditas\AppData\Lo...}, goog:chromeOptions: {debuggerAddress: localhost:53474}, javascriptEnabled: true, networkConnectionEnabled: false, pageLoadStrategy: normal, platform: WINDOWS, platformName: WINDOWS, proxy: Proxy(), setWindowRect: true, strictFileInteractability: false, timeouts: {implicit: 0, pageLoad: 300000, script: 30000}, unhandledPromptBehavior: dismiss and notify, webauthn:extension:credBlob: true, webauthn:extension:largeBlob: true, webauthn:virtualAuthenticators: true}
Session ID: 4f1cb7c14f419c704380367619dd5685
	at sun.reflect.NativeConstructorAccessorImpl.newInstance0(Native Method)
	at sun.reflect.NativeConstructorAccessorImpl.newInstance(Unknown Source)
	at sun.reflect.DelegatingConstructorAccessorImpl.newInstance(Unknown Source)
	at java.lang.reflect.Constructor.newInstance(Unknown Source)
	at org.openqa.selenium.remote.http.W3CHttpResponseCodec.createException(W3CHttpResponseCodec.java:187)
	at org.openqa.selenium.remote.http.W3CHttpResponseCodec.decode(W3CHttpResponseCodec.java:122)
	at org.openqa.selenium.remote.http.W3CHttpResponseCodec.decode(W3CHttpResponseCodec.java:49)
	at org.openqa.selenium.remote.HttpCommandExecutor.execute(HttpCommandExecutor.java:158)
	at org.openqa.selenium.remote.service.DriverCommandExecutor.execute(DriverCommandExecutor.java:83)
	at org.openqa.selenium.remote.RemoteWebDriver.execute(RemoteWebDriver.java:552)
	at org.openqa.selenium.remote.RemoteWebElement.execute(RemoteWebElement.java:285)
	at org.openqa.selenium.remote.RemoteWebElement.click(RemoteWebElement.java:84)
	at sun.reflect.GeneratedMethodAccessor1.invoke(Unknown Source)
	at sun.reflect.DelegatingMethodAccessorImpl.invoke(Unknown Source)
	at java.lang.reflect.Method.invoke(Unknown Source)
	at org.openqa.selenium.support.pagefactory.internal.LocatingElementHandler.invoke(LocatingElementHandler.java:51)
	at com.sun.proxy.$Proxy8.click(Unknown Source)
	at com.maven.automation.pageobject.DispositionPage.disposeCallSalesloftTeam(DispositionPage.java:95)
	at com.maven.automation.testcase.SalesloftTeamcadenceListTest.callDisposition(SalesloftTeamcadenceListTest.java:65)
	at sun.reflect.NativeMethodAccessorImpl.invoke0(Native Method)
	at sun.reflect.NativeMethodAccessorImpl.invoke(Unknown Source)
	at sun.reflect.DelegatingMethodAccessorImpl.invoke(Unknown Source)
	at java.lang.reflect.Method.invoke(Unknown Source)
	at org.testng.internal.MethodInvocationHelper.invokeMethod(MethodInvocationHelper.java:132)
	at org.testng.internal.TestInvoker.invokeMethod(TestInvoker.java:599)
	at org.testng.internal.TestInvoker.invokeTestMethod(TestInvoker.java:174)
	at org.testng.internal.MethodRunner.runInSequence(MethodRunner.java:46)
	at org.testng.internal.TestInvoker$MethodInvocationAgent.invoke(TestInvoker.java:822)
	at org.testng.internal.TestInvoker.invokeTestMethods(TestInvoker.java:147)
	at org.testng.internal.TestMethodWorker.invokeTestMethods(TestMethodWorker.java:146)
	at org.testng.internal.TestMethodWorker.run(TestMethodWorker.java:128)
	at java.util.ArrayList.forEach(Unknown Source)
	at org.testng.TestRunner.privateRun(TestRunner.java:764)
	at org.testng.TestRunner.run(TestRunner.java:585)
	at org.testng.SuiteRunner.runTest(SuiteRunner.java:384)
	at org.testng.SuiteRunner.runSequentially(SuiteRunner.java:378)
	at org.testng.SuiteRunner.privateRun(SuiteRunner.java:337)
	at org.testng.SuiteRunner.run(SuiteRunner.java:286)
	at org.testng.SuiteRunnerWorker.runSuite(SuiteRunnerWorker.java:53)
	at org.testng.SuiteRunnerWorker.run(SuiteRunnerWorker.java:96)
	at org.testng.TestNG.runSuitesSequentially(TestNG.java:1218)
	at org.testng.TestNG.runSuitesLocally(TestNG.java:1140)
	at org.testng.TestNG.runSuites(TestNG.java:1069)
	at org.testng.TestNG.run(TestNG.java:1037)
	at org.testng.remote.AbstractRemoteTestNG.run(AbstractRemoteTestNG.java:115)
	at org.testng.remote.RemoteTestNG.initAndRun(RemoteTestNG.java:251)
	at org.testng.remote.RemoteTestNG.main(RemoteTestNG.java:77)
</pre></div></td>
<td>12</td>
<td>com.maven.automation.testcase.SalesloftTeamcadenceListTest@33f88ab</td></tr>
<tr>
<td title='com.maven.automation.testcase.DynamicListTest.callDisposition()'><b>callDisposition</b><br>Test class: com.maven.automation.testcase.DynamicListTest</td>
<td><div><pre>org.openqa.selenium.NoSuchElementException: Cannot locate option with value: 78094
For documentation on this error, please visit: https://www.seleniumhq.org/exceptions/no_such_element.html
Build info: version: &apos;3.141.59&apos;, revision: &apos;e82be7d358&apos;, time: &apos;2018-11-14T08:17:03&apos;
System info: host: &apos;DESKTOP-O594KU0&apos;, ip: &apos;192.168.1.206&apos;, os.name: &apos;Windows 10&apos;, os.arch: &apos;amd64&apos;, os.version: &apos;10.0&apos;, java.version: &apos;1.8.0_301&apos;
Driver info: driver.version: unknown
	at org.openqa.selenium.support.ui.Select.findOptionsByValue(Select.java:283)
	at org.openqa.selenium.support.ui.Select.selectByValue(Select.java:186)
	at com.maven.automation.pageobject.DispositionPage.disposeCall(DispositionPage.java:87)
	at com.maven.automation.testcase.DynamicListTest.callDisposition(DynamicListTest.java:64)
	at java.util.ArrayList.forEach(Unknown Source)
... Removed 27 stack frames</pre></div><a href='#' onClick='toggleBox("stack-trace269685385", this, "Click to show all stack frames", "Click to hide stack frames")'>Click to show all stack frames</a>
<div class='stack-trace' id='stack-trace269685385'><pre>org.openqa.selenium.NoSuchElementException: Cannot locate option with value: 78094
For documentation on this error, please visit: https://www.seleniumhq.org/exceptions/no_such_element.html
Build info: version: &apos;3.141.59&apos;, revision: &apos;e82be7d358&apos;, time: &apos;2018-11-14T08:17:03&apos;
System info: host: &apos;DESKTOP-O594KU0&apos;, ip: &apos;192.168.1.206&apos;, os.name: &apos;Windows 10&apos;, os.arch: &apos;amd64&apos;, os.version: &apos;10.0&apos;, java.version: &apos;1.8.0_301&apos;
Driver info: driver.version: unknown
	at org.openqa.selenium.support.ui.Select.findOptionsByValue(Select.java:283)
	at org.openqa.selenium.support.ui.Select.selectByValue(Select.java:186)
	at com.maven.automation.pageobject.DispositionPage.disposeCall(DispositionPage.java:87)
	at com.maven.automation.testcase.DynamicListTest.callDisposition(DynamicListTest.java:64)
	at sun.reflect.NativeMethodAccessorImpl.invoke0(Native Method)
	at sun.reflect.NativeMethodAccessorImpl.invoke(Unknown Source)
	at sun.reflect.DelegatingMethodAccessorImpl.invoke(Unknown Source)
	at java.lang.reflect.Method.invoke(Unknown Source)
	at org.testng.internal.MethodInvocationHelper.invokeMethod(MethodInvocationHelper.java:132)
	at org.testng.internal.TestInvoker.invokeMethod(TestInvoker.java:599)
	at org.testng.internal.TestInvoker.invokeTestMethod(TestInvoker.java:174)
	at org.testng.internal.MethodRunner.runInSequence(MethodRunner.java:46)
	at org.testng.internal.TestInvoker$MethodInvocationAgent.invoke(TestInvoker.java:822)
	at org.testng.internal.TestInvoker.invokeTestMethods(TestInvoker.java:147)
	at org.testng.internal.TestMethodWorker.invokeTestMethods(TestMethodWorker.java:146)
	at org.testng.internal.TestMethodWorker.run(TestMethodWorker.java:128)
	at java.util.ArrayList.forEach(Unknown Source)
	at org.testng.TestRunner.privateRun(TestRunner.java:764)
	at org.testng.TestRunner.run(TestRunner.java:585)
	at org.testng.SuiteRunner.runTest(SuiteRunner.java:384)
	at org.testng.SuiteRunner.runSequentially(SuiteRunner.java:378)
	at org.testng.SuiteRunner.privateRun(SuiteRunner.java:337)
	at org.testng.SuiteRunner.run(SuiteRunner.java:286)
	at org.testng.SuiteRunnerWorker.runSuite(SuiteRunnerWorker.java:53)
	at org.testng.SuiteRunnerWorker.run(SuiteRunnerWorker.java:96)
	at org.testng.TestNG.runSuitesSequentially(TestNG.java:1218)
	at org.testng.TestNG.runSuitesLocally(TestNG.java:1140)
	at org.testng.TestNG.runSuites(TestNG.java:1069)
	at org.testng.TestNG.run(TestNG.java:1037)
	at org.testng.remote.AbstractRemoteTestNG.run(AbstractRemoteTestNG.java:115)
	at org.testng.remote.RemoteTestNG.initAndRun(RemoteTestNG.java:251)
	at org.testng.remote.RemoteTestNG.main(RemoteTestNG.java:77)
</pre></div></td>
<td>15</td>
<td>com.maven.automation.testcase.DynamicListTest@27a8c74e</td></tr>
</table><p>
<table width='100%' border='1' class='invocation-passed'>
<tr><td colspan='4' align='center'><b>PASSED TESTS</b></td></tr>
<tr><td><b>Test method</b></td>
<td width="30%"><b>Exception</b></td>
<td width="10%"><b>Time (seconds)</b></td>
<td><b>Instance</b></td>
</tr>
<tr>
<td title='com.maven.automation.testcase.CSVIndividualListTest.CSV_IndividualList()'><b>CSV_IndividualList</b><br>Test class: com.maven.automation.testcase.CSVIndividualListTest</td>
<td></td>
<td>25</td>
<td>com.maven.automation.testcase.CSVIndividualListTest@4b1c1ea0</td></tr>
<tr>
<td title='com.maven.automation.testcase.CSVLeadpoolListTest.CSV_LeadPoolList()'><b>CSV_LeadPoolList</b><br>Test class: com.maven.automation.testcase.CSVLeadpoolListTest</td>
<td></td>
<td>25</td>
<td>com.maven.automation.testcase.CSVLeadpoolListTest@17579e0f</td></tr>
<tr>
<td title='com.maven.automation.testcase.CSVLeadpoolListTest.ConnectToPhoneBridge()'><b>ConnectToPhoneBridge</b><br>Test class: com.maven.automation.testcase.CSVLeadpoolListTest</td>
<td></td>
<td>42</td>
<td>com.maven.automation.testcase.CSVLeadpoolListTest@17579e0f</td></tr>
<tr>
<td title='com.maven.automation.testcase.SalesforceIndividualListTest.ConnectToPhoneBridge()'><b>ConnectToPhoneBridge</b><br>Test class: com.maven.automation.testcase.SalesforceIndividualListTest</td>
<td></td>
<td>43</td>
<td>com.maven.automation.testcase.SalesforceIndividualListTest@4d41cee</td></tr>
<tr>
<td title='com.maven.automation.testcase.SalesforceLeadpoolListTest.ConnectToPhoneBridge()'><b>ConnectToPhoneBridge</b><br>Test class: com.maven.automation.testcase.SalesforceLeadpoolListTest</td>
<td></td>
<td>43</td>
<td>com.maven.automation.testcase.SalesforceLeadpoolListTest@3712b94</td></tr>
<tr>
<td title='com.maven.automation.testcase.SalesforceTemplateListTest.ConnectToPhoneBridge()'><b>ConnectToPhoneBridge</b><br>Test class: com.maven.automation.testcase.SalesforceTemplateListTest</td>
<td></td>
<td>130</td>
<td>com.maven.automation.testcase.SalesforceTemplateListTest@2833cc44</td></tr>
<tr>
<td title='com.maven.automation.testcase.SalesloftTeamcadenceListTest.ConnectToPhoneBridge()'><b>ConnectToPhoneBridge</b><br>Test class: com.maven.automation.testcase.SalesloftTeamcadenceListTest</td>
<td></td>
<td>142</td>
<td>com.maven.automation.testcase.SalesloftTeamcadenceListTest@33f88ab</td></tr>
<tr>
<td title='com.maven.automation.testcase.DynamicListTest.ConnectToPhoneBridge()'><b>ConnectToPhoneBridge</b><br>Test class: com.maven.automation.testcase.DynamicListTest</td>
<td></td>
<td>45</td>
<td>com.maven.automation.testcase.DynamicListTest@27a8c74e</td></tr>
<tr>
<td title='com.maven.automation.testcase.SalesforceIndividualListTest.Salesforce_IndividualList()'><b>Salesforce_IndividualList</b><br>Test class: com.maven.automation.testcase.SalesforceIndividualListTest</td>
<td></td>
<td>29</td>
<td>com.maven.automation.testcase.SalesforceIndividualListTest@4d41cee</td></tr>
<tr>
<td title='com.maven.automation.testcase.SalesforceLeadpoolListTest.Salesforce_IndividualList()'><b>Salesforce_IndividualList</b><br>Test class: com.maven.automation.testcase.SalesforceLeadpoolListTest</td>
<td></td>
<td>31</td>
<td>com.maven.automation.testcase.SalesforceLeadpoolListTest@3712b94</td></tr>
<tr>
<td title='com.maven.automation.testcase.SalesforceTemplateListTest.Salesforce_List()'><b>Salesforce_List</b><br>Test class: com.maven.automation.testcase.SalesforceTemplateListTest</td>
<td></td>
<td>24</td>
<td>com.maven.automation.testcase.SalesforceTemplateListTest@2833cc44</td></tr>
<tr>
<td title='com.maven.automation.testcase.CSVIndividualListTest.callDisposition()'><b>callDisposition</b><br>Test class: com.maven.automation.testcase.CSVIndividualListTest</td>
<td></td>
<td>6</td>
<td>com.maven.automation.testcase.CSVIndividualListTest@4b1c1ea0</td></tr>
<tr>
<td title='com.maven.automation.testcase.CSVLeadpoolListTest.callDisposition()'><b>callDisposition</b><br>Test class: com.maven.automation.testcase.CSVLeadpoolListTest</td>
<td></td>
<td>6</td>
<td>com.maven.automation.testcase.CSVLeadpoolListTest@17579e0f</td></tr>
<tr>
<td title='com.maven.automation.testcase.SalesforceIndividualListTest.callDisposition()'><b>callDisposition</b><br>Test class: com.maven.automation.testcase.SalesforceIndividualListTest</td>
<td></td>
<td>6</td>
<td>com.maven.automation.testcase.SalesforceIndividualListTest@4d41cee</td></tr>
<tr>
<td title='com.maven.automation.testcase.SalesforceLeadpoolListTest.callDisposition()'><b>callDisposition</b><br>Test class: com.maven.automation.testcase.SalesforceLeadpoolListTest</td>
<td></td>
<td>6</td>
<td>com.maven.automation.testcase.SalesforceLeadpoolListTest@3712b94</td></tr>
<tr>
<td title='com.maven.automation.testcase.SalesforceTemplateListTest.callDisposition()'><b>callDisposition</b><br>Test class: com.maven.automation.testcase.SalesforceTemplateListTest</td>
<td></td>
<td>6</td>
<td>com.maven.automation.testcase.SalesforceTemplateListTest@2833cc44</td></tr>
<tr>
<td title='com.maven.automation.testcase.CSVIndividualListTest.clickNonProductionPopup()'><b>clickNonProductionPopup</b><br>Test class: com.maven.automation.testcase.CSVIndividualListTest</td>
<td></td>
<td>12</td>
<td>com.maven.automation.testcase.CSVIndividualListTest@4b1c1ea0</td></tr>
<tr>
<td title='com.maven.automation.testcase.CSVLeadpoolListTest.clickNonProductionPopup()'><b>clickNonProductionPopup</b><br>Test class: com.maven.automation.testcase.CSVLeadpoolListTest</td>
<td></td>
<td>12</td>
<td>com.maven.automation.testcase.CSVLeadpoolListTest@17579e0f</td></tr>
<tr>
<td title='com.maven.automation.testcase.SalesforceIndividualListTest.clickNonProductionPopup()'><b>clickNonProductionPopup</b><br>Test class: com.maven.automation.testcase.SalesforceIndividualListTest</td>
<td></td>
<td>12</td>
<td>com.maven.automation.testcase.SalesforceIndividualListTest@4d41cee</td></tr>
<tr>
<td title='com.maven.automation.testcase.SalesforceLeadpoolListTest.clickNonProductionPopup()'><b>clickNonProductionPopup</b><br>Test class: com.maven.automation.testcase.SalesforceLeadpoolListTest</td>
<td></td>
<td>12</td>
<td>com.maven.automation.testcase.SalesforceLeadpoolListTest@3712b94</td></tr>
<tr>
<td title='com.maven.automation.testcase.SalesforceTemplateListTest.clickNonProductionPopup()'><b>clickNonProductionPopup</b><br>Test class: com.maven.automation.testcase.SalesforceTemplateListTest</td>
<td></td>
<td>12</td>
<td>com.maven.automation.testcase.SalesforceTemplateListTest@2833cc44</td></tr>
<tr>
<td title='com.maven.automation.testcase.SalesloftTeamcadenceListTest.clickNonProductionPopup()'><b>clickNonProductionPopup</b><br>Test class: com.maven.automation.testcase.SalesloftTeamcadenceListTest</td>
<td></td>
<td>12</td>
<td>com.maven.automation.testcase.SalesloftTeamcadenceListTest@33f88ab</td></tr>
<tr>
<td title='com.maven.automation.testcase.DynamicListTest.clickNonProductionPopup()'><b>clickNonProductionPopup</b><br>Test class: com.maven.automation.testcase.DynamicListTest</td>
<td></td>
<td>12</td>
<td>com.maven.automation.testcase.DynamicListTest@27a8c74e</td></tr>
<tr>
<td title='com.maven.automation.testcase.CSVIndividualListTest.connectToPhoneBridge()'><b>connectToPhoneBridge</b><br>Test class: com.maven.automation.testcase.CSVIndividualListTest</td>
<td></td>
<td>86</td>
<td>com.maven.automation.testcase.CSVIndividualListTest@4b1c1ea0</td></tr>
<tr>
<td title='com.maven.automation.testcase.DynamicListTest.dynamicListCreation()'><b>dynamicListCreation</b><br>Test class: com.maven.automation.testcase.DynamicListTest</td>
<td></td>
<td>47</td>
<td>com.maven.automation.testcase.DynamicListTest@27a8c74e</td></tr>
<tr>
<td title='com.maven.automation.testcase.CSVIndividualListTest.listLoading()'><b>listLoading</b><br>Test class: com.maven.automation.testcase.CSVIndividualListTest</td>
<td></td>
<td>11</td>
<td>com.maven.automation.testcase.CSVIndividualListTest@4b1c1ea0</td></tr>
<tr>
<td title='com.maven.automation.testcase.CSVLeadpoolListTest.listLoading()'><b>listLoading</b><br>Test class: com.maven.automation.testcase.CSVLeadpoolListTest</td>
<td></td>
<td>12</td>
<td>com.maven.automation.testcase.CSVLeadpoolListTest@17579e0f</td></tr>
<tr>
<td title='com.maven.automation.testcase.SalesforceIndividualListTest.listLoading()'><b>listLoading</b><br>Test class: com.maven.automation.testcase.SalesforceIndividualListTest</td>
<td></td>
<td>17</td>
<td>com.maven.automation.testcase.SalesforceIndividualListTest@4d41cee</td></tr>
<tr>
<td title='com.maven.automation.testcase.SalesforceLeadpoolListTest.listLoading()'><b>listLoading</b><br>Test class: com.maven.automation.testcase.SalesforceLeadpoolListTest</td>
<td></td>
<td>29</td>
<td>com.maven.automation.testcase.SalesforceLeadpoolListTest@3712b94</td></tr>
<tr>
<td title='com.maven.automation.testcase.SalesforceTemplateListTest.listLoading()'><b>listLoading</b><br>Test class: com.maven.automation.testcase.SalesforceTemplateListTest</td>
<td></td>
<td>11</td>
<td>com.maven.automation.testcase.SalesforceTemplateListTest@2833cc44</td></tr>
<tr>
<td title='com.maven.automation.testcase.SalesloftTeamcadenceListTest.listLoading()'><b>listLoading</b><br>Test class: com.maven.automation.testcase.SalesloftTeamcadenceListTest</td>
<td></td>
<td>20</td>
<td>com.maven.automation.testcase.SalesloftTeamcadenceListTest@33f88ab</td></tr>
<tr>
<td title='com.maven.automation.testcase.DynamicListTest.listLoading()'><b>listLoading</b><br>Test class: com.maven.automation.testcase.DynamicListTest</td>
<td></td>
<td>28</td>
<td>com.maven.automation.testcase.DynamicListTest@27a8c74e</td></tr>
<tr>
<td title='com.maven.automation.testcase.CSVIndividualListTest.loginTest()'><b>loginTest</b><br>Test class: com.maven.automation.testcase.CSVIndividualListTest</td>
<td></td>
<td>22</td>
<td>com.maven.automation.testcase.CSVIndividualListTest@4b1c1ea0</td></tr>
<tr>
<td title='com.maven.automation.testcase.CSVLeadpoolListTest.loginTest()'><b>loginTest</b><br>Test class: com.maven.automation.testcase.CSVLeadpoolListTest</td>
<td></td>
<td>25</td>
<td>com.maven.automation.testcase.CSVLeadpoolListTest@17579e0f</td></tr>
<tr>
<td title='com.maven.automation.testcase.SalesforceIndividualListTest.loginTest()'><b>loginTest</b><br>Test class: com.maven.automation.testcase.SalesforceIndividualListTest</td>
<td></td>
<td>29</td>
<td>com.maven.automation.testcase.SalesforceIndividualListTest@4d41cee</td></tr>
<tr>
<td title='com.maven.automation.testcase.SalesforceLeadpoolListTest.loginTest()'><b>loginTest</b><br>Test class: com.maven.automation.testcase.SalesforceLeadpoolListTest</td>
<td></td>
<td>33</td>
<td>com.maven.automation.testcase.SalesforceLeadpoolListTest@3712b94</td></tr>
<tr>
<td title='com.maven.automation.testcase.SalesforceTemplateListTest.loginTest()'><b>loginTest</b><br>Test class: com.maven.automation.testcase.SalesforceTemplateListTest</td>
<td></td>
<td>29</td>
<td>com.maven.automation.testcase.SalesforceTemplateListTest@2833cc44</td></tr>
<tr>
<td title='com.maven.automation.testcase.SalesloftTeamcadenceListTest.loginTest()'><b>loginTest</b><br>Test class: com.maven.automation.testcase.SalesloftTeamcadenceListTest</td>
<td></td>
<td>26</td>
<td>com.maven.automation.testcase.SalesloftTeamcadenceListTest@33f88ab</td></tr>
<tr>
<td title='com.maven.automation.testcase.DynamicListTest.loginTest()'><b>loginTest</b><br>Test class: com.maven.automation.testcase.DynamicListTest</td>
<td></td>
<td>28</td>
<td>com.maven.automation.testcase.DynamicListTest@27a8c74e</td></tr>
<tr>
<td title='com.maven.automation.testcase.CSVIndividualListTest.logoutTest()'><b>logoutTest</b><br>Test class: com.maven.automation.testcase.CSVIndividualListTest</td>
<td></td>
<td>6</td>
<td>com.maven.automation.testcase.CSVIndividualListTest@4b1c1ea0</td></tr>
<tr>
<td title='com.maven.automation.testcase.CSVLeadpoolListTest.logoutTest()'><b>logoutTest</b><br>Test class: com.maven.automation.testcase.CSVLeadpoolListTest</td>
<td></td>
<td>6</td>
<td>com.maven.automation.testcase.CSVLeadpoolListTest@17579e0f</td></tr>
<tr>
<td title='com.maven.automation.testcase.SalesforceIndividualListTest.logoutTest()'><b>logoutTest</b><br>Test class: com.maven.automation.testcase.SalesforceIndividualListTest</td>
<td></td>
<td>7</td>
<td>com.maven.automation.testcase.SalesforceIndividualListTest@4d41cee</td></tr>
<tr>
<td title='com.maven.automation.testcase.SalesforceLeadpoolListTest.logoutTest()'><b>logoutTest</b><br>Test class: com.maven.automation.testcase.SalesforceLeadpoolListTest</td>
<td></td>
<td>8</td>
<td>com.maven.automation.testcase.SalesforceLeadpoolListTest@3712b94</td></tr>
<tr>
<td title='com.maven.automation.testcase.SalesforceTemplateListTest.logoutTest()'><b>logoutTest</b><br>Test class: com.maven.automation.testcase.SalesforceTemplateListTest</td>
<td></td>
<td>8</td>
<td>com.maven.automation.testcase.SalesforceTemplateListTest@2833cc44</td></tr>
<tr>
<td title='com.maven.automation.testcase.SalesloftTeamcadenceListTest.logoutTest()'><b>logoutTest</b><br>Test class: com.maven.automation.testcase.SalesloftTeamcadenceListTest</td>
<td></td>
<td>5</td>
<td>com.maven.automation.testcase.SalesloftTeamcadenceListTest@33f88ab</td></tr>
<tr>
<td title='com.maven.automation.testcase.DynamicListTest.logoutTest()'><b>logoutTest</b><br>Test class: com.maven.automation.testcase.DynamicListTest</td>
<td></td>
<td>12</td>
<td>com.maven.automation.testcase.DynamicListTest@27a8c74e</td></tr>
<tr>
<td title='com.maven.automation.testcase.SalesloftTeamcadenceListTest.salesloft_MycadenceList()'><b>salesloft_MycadenceList</b><br>Test class: com.maven.automation.testcase.SalesloftTeamcadenceListTest</td>
<td></td>
<td>23</td>
<td>com.maven.automation.testcase.SalesloftTeamcadenceListTest@33f88ab</td></tr>
</table><p>
</body>
</html>