<?xml version="1.0" encoding="UTF-8"?>
<!-- Generated by org.testng.reporters.JUnitXMLReporter -->
<testsuite hostname="DESKTOP-O594KU0" ignored="0" name="Test" tests="49" failures="2" timestamp="2021-08-19T17:27:04 IST" time="1321.07" errors="0">
  <testcase name="loginTest" time="22.942" classname="com.maven.automation.testcase.CSVIndividualListTest"/>
  <testcase name="clickNonProductionPopup" time="12.146" classname="com.maven.automation.testcase.CSVIndividualListTest"/>
  <testcase name="CSV_IndividualList" time="25.5" classname="com.maven.automation.testcase.CSVIndividualListTest"/>
  <testcase name="listLoading" time="11.121" classname="com.maven.automation.testcase.CSVIndividualListTest"/>
  <testcase name="connectToPhoneBridge" time="86.913" classname="com.maven.automation.testcase.CSVIndividualListTest"/>
  <testcase name="callDisposition" time="6.767" classname="com.maven.automation.testcase.CSVIndividualListTest"/>
  <testcase name="logoutTest" time="6.911" classname="com.maven.automation.testcase.CSVIndividualListTest"/>
  <testcase name="loginTest" time="25.396" classname="com.maven.automation.testcase.CSVLeadpoolListTest"/>
  <testcase name="clickNonProductionPopup" time="12.164" classname="com.maven.automation.testcase.CSVLeadpoolListTest"/>
  <testcase name="CSV_LeadPoolList" time="25.089" classname="com.maven.automation.testcase.CSVLeadpoolListTest"/>
  <testcase name="listLoading" time="12.088" classname="com.maven.automation.testcase.CSVLeadpoolListTest"/>
  <testcase name="ConnectToPhoneBridge" time="42.54" classname="com.maven.automation.testcase.CSVLeadpoolListTest"/>
  <testcase name="callDisposition" time="6.753" classname="com.maven.automation.testcase.CSVLeadpoolListTest"/>
  <testcase name="logoutTest" time="6.393" classname="com.maven.automation.testcase.CSVLeadpoolListTest"/>
  <testcase name="loginTest" time="29.88" classname="com.maven.automation.testcase.SalesforceIndividualListTest"/>
  <testcase name="clickNonProductionPopup" time="12.129" classname="com.maven.automation.testcase.SalesforceIndividualListTest"/>
  <testcase name="Salesforce_IndividualList" time="29.016" classname="com.maven.automation.testcase.SalesforceIndividualListTest"/>
  <testcase name="listLoading" time="17.363" classname="com.maven.automation.testcase.SalesforceIndividualListTest"/>
  <testcase name="ConnectToPhoneBridge" time="43.475" classname="com.maven.automation.testcase.SalesforceIndividualListTest"/>
  <testcase name="callDisposition" time="6.729" classname="com.maven.automation.testcase.SalesforceIndividualListTest"/>
  <testcase name="logoutTest" time="7.996" classname="com.maven.automation.testcase.SalesforceIndividualListTest"/>
  <testcase name="loginTest" time="33.999" classname="com.maven.automation.testcase.SalesforceLeadpoolListTest"/>
  <testcase name="clickNonProductionPopup" time="12.39" classname="com.maven.automation.testcase.SalesforceLeadpoolListTest"/>
  <testcase name="Salesforce_IndividualList" time="31.302" classname="com.maven.automation.testcase.SalesforceLeadpoolListTest"/>
  <testcase name="listLoading" time="29.375" classname="com.maven.automation.testcase.SalesforceLeadpoolListTest"/>
  <testcase name="ConnectToPhoneBridge" time="43.134" classname="com.maven.automation.testcase.SalesforceLeadpoolListTest"/>
  <testcase name="callDisposition" time="6.729" classname="com.maven.automation.testcase.SalesforceLeadpoolListTest"/>
  <testcase name="logoutTest" time="8.625" classname="com.maven.automation.testcase.SalesforceLeadpoolListTest"/>
  <testcase name="loginTest" time="29.134" classname="com.maven.automation.testcase.SalesforceTemplateListTest"/>
  <testcase name="clickNonProductionPopup" time="12.089" classname="com.maven.automation.testcase.SalesforceTemplateListTest"/>
  <testcase name="Salesforce_List" time="24.713" classname="com.maven.automation.testcase.SalesforceTemplateListTest"/>
  <testcase name="listLoading" time="11.389" classname="com.maven.automation.testcase.SalesforceTemplateListTest"/>
  <testcase name="ConnectToPhoneBridge" time="130.676" classname="com.maven.automation.testcase.SalesforceTemplateListTest"/>
  <testcase name="callDisposition" time="6.714" classname="com.maven.automation.testcase.SalesforceTemplateListTest"/>
  <testcase name="logoutTest" time="8.947" classname="com.maven.automation.testcase.SalesforceTemplateListTest"/>
  <testcase name="loginTest" time="26.984" classname="com.maven.automation.testcase.SalesloftTeamcadenceListTest"/>
  <testcase name="clickNonProductionPopup" time="12.103" classname="com.maven.automation.testcase.SalesloftTeamcadenceListTest"/>
  <testcase name="salesloft_MycadenceList" time="23.961" classname="com.maven.automation.testcase.SalesloftTeamcadenceListTest"/>
  <testcase name="listLoading" time="20.917" classname="com.maven.automation.testcase.SalesloftTeamcadenceListTest"/>
  <testcase name="ConnectToPhoneBridge" time="142.494" classname="com.maven.automation.testcase.SalesloftTeamcadenceListTest"/>
  <testcase name="callDisposition" time="12.093" classname="com.maven.automation.testcase.SalesloftTeamcadenceListTest">
    <failure type="org.openqa.selenium.ElementNotInteractableException" message="element not interactable
  (Session info: chrome=92.0.4515.159)
Build info: version: &amp;apos;3.141.59&amp;apos;, revision: &amp;apos;e82be7d358&amp;apos;, time: &amp;apos;2018-11-14T08:17:03&amp;apos;
System info: host: &amp;apos;DESKTOP-O594KU0&amp;apos;, ip: &amp;apos;192.168.1.206&amp;apos;, os.name: &amp;apos;Windows 10&amp;apos;, os.arch: &amp;apos;amd64&amp;apos;, os.version: &amp;apos;10.0&amp;apos;, java.version: &amp;apos;1.8.0_301&amp;apos;
Driver info: org.openqa.selenium.chrome.ChromeDriver
Capabilities {acceptInsecureCerts: false, browserName: chrome, browserVersion: 92.0.4515.159, chrome: {chromedriverVersion: 92.0.4515.107 (87a818b10553..., userDataDir: C:\Users\Coditas\AppData\Lo...}, goog:chromeOptions: {debuggerAddress: localhost:53474}, javascriptEnabled: true, networkConnectionEnabled: false, pageLoadStrategy: normal, platform: WINDOWS, platformName: WINDOWS, proxy: Proxy(), setWindowRect: true, strictFileInteractability: false, timeouts: {implicit: 0, pageLoad: 300000, script: 30000}, unhandledPromptBehavior: dismiss and notify, webauthn:extension:credBlob: true, webauthn:extension:largeBlob: true, webauthn:virtualAuthenticators: true}
Session ID: 4f1cb7c14f419c704380367619dd5685">
      <![CDATA[org.openqa.selenium.ElementNotInteractableException: element not interactable
  (Session info: chrome=92.0.4515.159)
Build info: version: '3.141.59', revision: 'e82be7d358', time: '2018-11-14T08:17:03'
System info: host: 'DESKTOP-O594KU0', ip: '192.168.1.206', os.name: 'Windows 10', os.arch: 'amd64', os.version: '10.0', java.version: '1.8.0_301'
Driver info: org.openqa.selenium.chrome.ChromeDriver
Capabilities {acceptInsecureCerts: false, browserName: chrome, browserVersion: 92.0.4515.159, chrome: {chromedriverVersion: 92.0.4515.107 (87a818b10553..., userDataDir: C:\Users\Coditas\AppData\Lo...}, goog:chromeOptions: {debuggerAddress: localhost:53474}, javascriptEnabled: true, networkConnectionEnabled: false, pageLoadStrategy: normal, platform: WINDOWS, platformName: WINDOWS, proxy: Proxy(), setWindowRect: true, strictFileInteractability: false, timeouts: {implicit: 0, pageLoad: 300000, script: 30000}, unhandledPromptBehavior: dismiss and notify, webauthn:extension:credBlob: true, webauthn:extension:largeBlob: true, webauthn:virtualAuthenticators: true}
Session ID: 4f1cb7c14f419c704380367619dd5685
at org.openqa.selenium.remote.http.W3CHttpResponseCodec.createException(W3CHttpResponseCodec.java:187)
at org.openqa.selenium.remote.http.W3CHttpResponseCodec.decode(W3CHttpResponseCodec.java:122)
at org.openqa.selenium.remote.http.W3CHttpResponseCodec.decode(W3CHttpResponseCodec.java:49)
at org.openqa.selenium.remote.HttpCommandExecutor.execute(HttpCommandExecutor.java:158)
at org.openqa.selenium.remote.service.DriverCommandExecutor.execute(DriverCommandExecutor.java:83)
at org.openqa.selenium.remote.RemoteWebDriver.execute(RemoteWebDriver.java:552)
at org.openqa.selenium.remote.RemoteWebElement.execute(RemoteWebElement.java:285)
at org.openqa.selenium.remote.RemoteWebElement.click(RemoteWebElement.java:84)
at org.openqa.selenium.support.pagefactory.internal.LocatingElementHandler.invoke(LocatingElementHandler.java:51)
at com.sun.proxy.$Proxy8.click(Unknown Source)
at com.maven.automation.pageobject.DispositionPage.disposeCallSalesloftTeam(DispositionPage.java:95)
at com.maven.automation.testcase.SalesloftTeamcadenceListTest.callDisposition(SalesloftTeamcadenceListTest.java:65)
at java.util.ArrayList.forEach(Unknown Source)
... Removed 34 stack frames]]>
    </failure>
  </testcase> <!-- callDisposition -->
  <testcase name="logoutTest" time="5.633" classname="com.maven.automation.testcase.SalesloftTeamcadenceListTest"/>
  <testcase name="loginTest" time="28.607" classname="com.maven.automation.testcase.DynamicListTest"/>
  <testcase name="clickNonProductionPopup" time="12.377" classname="com.maven.automation.testcase.DynamicListTest"/>
  <testcase name="dynamicListCreation" time="47.033" classname="com.maven.automation.testcase.DynamicListTest"/>
  <testcase name="listLoading" time="28.712" classname="com.maven.automation.testcase.DynamicListTest"/>
  <testcase name="ConnectToPhoneBridge" time="45.22" classname="com.maven.automation.testcase.DynamicListTest"/>
  <testcase name="callDisposition" time="15.393" classname="com.maven.automation.testcase.DynamicListTest">
    <failure type="org.openqa.selenium.NoSuchElementException" message="Cannot locate option with value: 78094
For documentation on this error, please visit: https://www.seleniumhq.org/exceptions/no_such_element.html
Build info: version: &amp;apos;3.141.59&amp;apos;, revision: &amp;apos;e82be7d358&amp;apos;, time: &amp;apos;2018-11-14T08:17:03&amp;apos;
System info: host: &amp;apos;DESKTOP-O594KU0&amp;apos;, ip: &amp;apos;192.168.1.206&amp;apos;, os.name: &amp;apos;Windows 10&amp;apos;, os.arch: &amp;apos;amd64&amp;apos;, os.version: &amp;apos;10.0&amp;apos;, java.version: &amp;apos;1.8.0_301&amp;apos;
Driver info: driver.version: unknown">
      <![CDATA[org.openqa.selenium.NoSuchElementException: Cannot locate option with value: 78094
For documentation on this error, please visit: https://www.seleniumhq.org/exceptions/no_such_element.html
Build info: version: '3.141.59', revision: 'e82be7d358', time: '2018-11-14T08:17:03'
System info: host: 'DESKTOP-O594KU0', ip: '192.168.1.206', os.name: 'Windows 10', os.arch: 'amd64', os.version: '10.0', java.version: '1.8.0_301'
Driver info: driver.version: unknown
at org.openqa.selenium.support.ui.Select.findOptionsByValue(Select.java:283)
at org.openqa.selenium.support.ui.Select.selectByValue(Select.java:186)
at com.maven.automation.pageobject.DispositionPage.disposeCall(DispositionPage.java:87)
at com.maven.automation.testcase.DynamicListTest.callDisposition(DynamicListTest.java:64)
at java.util.ArrayList.forEach(Unknown Source)
... Removed 27 stack frames]]>
    </failure>
  </testcase> <!-- callDisposition -->
  <testcase name="logoutTest" time="12.332" classname="com.maven.automation.testcase.DynamicListTest"/>
</testsuite> <!-- Test -->
